<?xml version="1.0" encoding="UTF-8"?>
<testng-results ignored="0" total="1" passed="1" failed="0" skipped="0">
  <reporter-output>
  </reporter-output>
  <suite started-at="2024-10-14T17:37:49Z" name="Default suite" finished-at="2024-10-14T17:40:03Z" duration-ms="133215">
    <groups>
    </groups>
    <test started-at="2024-10-14T17:37:49Z" name="Default test" finished-at="2024-10-14T17:40:03Z" duration-ms="133215">
      <class name="AppiumTest.appium.TestCase1">
        <test-method is-config="true" signature="ConfigureAppium()[pri:0, instance:AppiumTest.appium.TestCase1@79207381]" started-at="2024-10-14T17:37:49Z" name="ConfigureAppium" finished-at="2024-10-14T17:38:52Z" duration-ms="63010" status="PASS">
          <reporter-output>
          </reporter-output>
        </test-method> <!-- ConfigureAppium -->
        <test-method signature="AppiumTest()[pri:0, instance:AppiumTest.appium.TestCase1@79207381]" started-at="2024-10-14T17:38:52Z" name="AppiumTest" finished-at="2024-10-14T17:39:58Z" duration-ms="65506" status="PASS">
          <reporter-output>
          </reporter-output>
        </test-method> <!-- AppiumTest -->
        <test-method is-config="true" signature="tearDown()[pri:0, instance:AppiumTest.appium.TestCase1@79207381]" started-at="2024-10-14T17:39:58Z" name="tearDown" finished-at="2024-10-14T17:40:03Z" duration-ms="4613" status="PASS">
          <reporter-output>
          </reporter-output>
        </test-method> <!-- tearDown -->
      </class> <!-- AppiumTest.appium.TestCase1 -->
    </test> <!-- Default test -->
  </suite> <!-- Default suite -->
</testng-results>
